<div id='container' style='width: 98%; padding: 10px; margin: 0; background: #EBEBE0; color: #717171; font-family: Calibri;'><div id='summary'><h2 align='center' style='background-color: gray; color: white; padding: 10px; margin: 0;'>FAILED: Default Suite (temp-testng-customsuite.xml) - DEMO ( chrome)</h2><br><h2 style='clear: both; margin: 0;'>Summary:</h2><hr/><table style='width: 1000px;'><tr><td style='width: 100px;'>Environment:</td><td>DEMO - <a href='https://practicetestautomation.com'>https://practicetestautomation.com</a></td></tr><tr><td>Version:</td><td></td></tr><tr><td>Browser:</td><td>chrome</td></tr><tr><td>Finished:</td><td>16:00:58 2023-03-25</td></tr><tr class='pass' style='color: #66C266;'><td>Passed: </td><td>0</td></tr><tr class='fail' style='color: #FF5C33;'><td>Failed:</td><td>1</td></tr><tr class='skip' style='color: #FFD700;'><td>Skipped:</td><td>0</td></tr><tr><td>Success rate:</td><td>0%</td></tr></table></div><br><br><div id='results'><h2 style='margin: 0;'>Test results:</h2><hr/><table cellspacing='0' cellpadding='0' style='width: 100%;'><tr><th width='10%' align='center'>Result</th><th width='75%'>Test name</th><th width='10%'>Test files</th></tr><tr><td colspan='4' class='package' style='background: gray; border-style: solid; border-width: 1px; border-color: white; padding: 5px; color: white;'>com.qaprosoft.carina.demo.example.exercise</td></tr><tr class='fail' style='background: #FF5C33;'><td align='center' style='border-style: solid; border-width: 1px; border-color: white; padding: 5px; color: white;'>FAILED</td><td style='border-style: solid; border-width: 1px; border-color: white; padding: 5px; color: white;'><span>ForTests - signInTest</span><div style="background:#ffcccc; color: black; padding: 5px; margin: 2px 0px 2px 0px;">invalid selector: Unable to locate an element with the xpath expression //*[text() = 'Log in' because of the following error:<br/>SyntaxError: Failed to execute 'evaluate' on 'Document': The string '//*[text() = 'Log in'' is not a valid XPath expression.<br/>  (Session info: chrome=111.0.5563.111)<br/>For documentation on this error, please visit: https://selenium.dev/exceptions/#invalid_selector_exception<br/>Build info: version: '4.4.0', revision: 'e5c75ed026a'<br/>System info: host: 'DESKTOP-B70VFNS', ip: '192.168.100.84', os.name: 'Windows 10', os.arch: 'amd64', os.version: '10.0', java.version: '19.0.2'<br/>Driver info: org.openqa.selenium.remote.RemoteWebDriver<br/>Command: [fdc0e0b2243df6c4ce86009ce21e1274, findElements {using=xpath, value=//*[text() = 'Log in'}]<br/>Capabilities {acceptInsecureCerts: true, browserName: chrome, browserVersion: 111.0.5563.111, chrome: {chromedriverVersion: 111.0.5563.64 (c710e93d5b63..., userDataDir: C:\Users\Saba\AppData\Local...}, goog:chromeOptions: {debuggerAddress: localhost:57754}, networkConnectionEnabled: false, pageLoadStrategy: normal, platformName: Windows 10, proxy: Proxy(), se:bidiEnabled: false, se:cdp: ws://192.168.100.84:4444/se..., se:cdpVersion: 111.0.5563.111, setWindowRect: true, strictFileInteractability: false, timeouts: {implicit: 0, pageLoad: 300000, script: 30000}, unhandledPromptBehavior: dismiss and notify, webauthn:extension:credBlob: true, webauthn:extension:largeBlob: true, webauthn:extension:minPinLength: true, webauthn:extension:prf: true, webauthn:virtualAuthenticators: true}<br/>Session ID: fdc0e0b2243df6c4ce86009ce21e1274<br/><br/>java.base/jdk.internal.reflect.DirectConstructorHandleAccessor.newInstance(DirectConstructorHandleAccessor.java:67)<br/>java.base/java.lang.reflect.Constructor.newInstanceWithCaller(Constructor.java:500)<br/>java.base/java.lang.reflect.Constructor.newInstance(Constructor.java:484)<br/>org.openqa.selenium.remote.codec.w3c.W3CHttpResponseCodec.createException(W3CHttpResponseCodec.java:200)<br/>org.openqa.selenium.remote.codec.w3c.W3CHttpResponseCodec.decode(W3CHttpResponseC...</div></td><td align='center' style='border-style: solid; border-width: 1px; border-color: white; padding: 5px; color: white;'><a target='_blank' href='file://C:\ForTests\ForTests\.\reports\1679745627045/59d92fdf-422e-4fba-b689-3671756f874c/test.log' style='color: white;'>Logs</a><span> | </span><a target='_blank' href='file://C:\ForTests\ForTests\.\reports\1679745627045/59d92fdf-422e-4fba-b689-3671756f874c/report.html' style='color: white;'>Slides</a></td></tr></table></div></div>