[2023-03-25 10:53:16] [1] [WARN] Reporting disabled: using no op test run registrar
[2023-03-25 10:53:16] [1] [INFO] TEST [ForTests - setPostUserMethod] STARTED at [14:53:16 2023-03-25]
[2023-03-25 10:53:20] [1] [INFO] Request method:	POST
Request URI:	https://jsonplaceholder.typicode.com/posts
Request params:	<none>
Query params:	<none>
Form params:	<none>
Path params:	<none>
Multiparts:		<none>
Cookies:		<none>
Headers:		Accept=*/*
				Content-Type=application/json; charset=UTF-8
Body:			<none>
HTTP/1.1 201 Created
Date: Sat, 25 Mar 2023 10:53:40 GMT
Content-Type: application/json; charset=utf-8
Content-Length: 15
Connection: keep-alive
X-Powered-By: Express
X-Ratelimit-Limit: 1000
X-Ratelimit-Remaining: 999
X-Ratelimit-Reset: 1679741662
Vary: Origin, X-HTTP-Method-Override, Accept-Encoding
Access-Control-Allow-Credentials: true
Cache-Control: no-cache
Pragma: no-cache
Expires: -1
Access-Control-Expose-Headers: Location
Location: http://jsonplaceholder.typicode.com/posts/101
X-Content-Type-Options: nosniff
Etag: W/"f-4jjw4Y8q22Yv1PV9m28FczJgjzk"
Via: 1.1 vegur
CF-Cache-Status: DYNAMIC
Report-To: {"endpoints":[{"url":"https:\/\/a.nel.cloudflare.com\/report\/v3?s=yCL%2BBhvd%2BNElqBJzGpazQYJYHWVcoBME%2B7EFeRzS5zRik3QVA%2BPc1yjPQbdU%2FypRUSsgMM%2F%2Bgi%2FvnbiXuSbNKFIjRTcKMhpUzBJZfD1cLDWFlLT%2FQGb%2BVed5zQ7l6BAYLRxgxWtaCrk0pkBdso0p"}],"group":"cf-nel","max_age":604800}
NEL: {"success_fraction":0,"report_to":"cf-nel","max_age":604800}
Server: cloudflare
CF-RAY: 7ad69c83caf5959d-TBS
alt-svc: h3=":443"; ma=86400, h3-29=":443"; ma=86400

{
    "id": 101
}

[2023-03-25 10:53:20] [1] [ERROR] TEST [ForTests - setPostUserMethod] FAILED at [14:53:20 2023-03-25] - 
Expected: body
     but none found
 ; 
Expected: title
     but none found
 ; 
Expected: userId
     but none found


org.skyscreamer.jsonassert.JSONAssert.assertEquals(JSONAssert.java:482)
org.skyscreamer.jsonassert.JSONAssert.assertEquals(JSONAssert.java:464)
com.qaprosoft.carina.core.foundation.api.AbstractApiMethodV2.validateResponse(AbstractApiMethodV2.java:349)
com.qaprosoft.carina.core.foundation.api.AbstractApiMethodV2.validateResponse(AbstractApiMethodV2.java:305)
com.qaprosoft.carina.core.foundation.api.AbstractApiMethodV2.validateResponse(AbstractApiMethodV2.java:377)
com.qaprosoft.carina.demo.example.exercise.ApiTest.setPostUserMethod(ApiTest.java:16)
java.base/jdk.internal.reflect.DirectMethodHandleAccessor.invoke(DirectMethodHandleAccessor.java:104)
java.base/java.lang.reflect.Method.invoke(Method.java:578)
org.testng.internal.invokers.MethodInvocationHelper.invokeMethod(MethodInvocationHelper.java:139)
org.testng.internal.invokers.TestInvoker.invokeMethod(TestInvoker.java:677)
org.testng.internal.invokers.TestInvoker.invokeTestMethod(TestInvoker.java:221)
org.testng.internal.invokers.MethodRunner.runInSequence(MethodRunner.java:50)
org.testng.internal.invokers.TestInvoker$MethodInvocationAgent.invoke(TestInvoker.java:962)
org.testng.internal.invokers.TestInvoker.invokeTestMethods(TestInvoker.java:194)
org.testng.internal.invokers.TestMethodWorker.invokeTestMethods(TestMethodWorker.java:148)
org.testng.internal.invokers.TestMethodWorker.run(TestMethodWorker.java:128)
java.base/java.util.ArrayList.forEach(ArrayList.java:1511)
org.testng.TestRunner.privateRun(TestRunner.java:806)
org.testng.TestRunner.run(TestRunner.java:601)
org.testng.SuiteRunner.runTest(SuiteRunner.java:433)
org.testng.SuiteRunner.runSequentially(SuiteRunner.java:427)
org.testng.SuiteRunner.privateRun(SuiteRunner.java:387)
org.testng.SuiteRunner.run(SuiteRunner.java:330)
org.testng.SuiteRunnerWorker.runSuite(SuiteRunnerWorker.java:52)
org.testng.SuiteRunnerWorker.run(SuiteRunnerWorker.java:95)
org.testng.TestNG.runSuitesSequentially(TestNG.java:1256)
org.testng.TestNG.runSuitesLocally(TestNG.java:1176)
org.testng.TestNG.runSuites(TestNG.java:1099)
org.testng.TestNG.run(TestNG.java:1067)
com.intellij.rt.testng.IDEARemoteTestNG.run(IDEARemoteTestNG.java:66)
com.intellij.rt.testng.RemoteTestNGStarter.main(RemoteTestNGStarter.java:109)
